C:\Users\dgree\Documents\GitHub\testApp\test-app\dist\out-tsc\src\app\app.component.js
C:\Users\dgree\Documents\GitHub\testApp\test-app\dist\out-tsc\src\app\app.component.js.map
C:\Users\dgree\Documents\GitHub\testApp\test-app\dist\out-tsc\src\app\app.module.js
C:\Users\dgree\Documents\GitHub\testApp\test-app\dist\out-tsc\src\app\app.module.js.map
C:\Users\dgree\Documents\GitHub\testApp\test-app\dist\out-tsc\src\environments\environment.js
C:\Users\dgree\Documents\GitHub\testApp\test-app\dist\out-tsc\src\environments\environment.js.map
C:\Users\dgree\Documents\GitHub\testApp\test-app\dist\out-tsc\src\main.js
C:\Users\dgree\Documents\GitHub\testApp\test-app\dist\out-tsc\src\main.js.map
C:\Users\dgree\Documents\GitHub\testApp\test-app\dist\out-tsc\src\polyfills.js
C:\Users\dgree\Documents\GitHub\testApp\test-app\dist\out-tsc\src\polyfills.js.map
C:\Users\dgree\Documents\GitHub\testApp\test-app\dist\out-tsc\src\test.js
C:\Users\dgree\Documents\GitHub\testApp\test-app\dist\out-tsc\src\test.js.map
C:\Users\dgree\Documents\GitHub\testApp\test-app\dist\out-tsc\src\environments\environment.prod.js
C:\Users\dgree\Documents\GitHub\testApp\test-app\dist\out-tsc\src\environments\environment.prod.js.map
C:\Users\dgree\Documents\GitHub\testApp\test-app\dist\out-tsc\src\app\app.component.spec.js
C:\Users\dgree\Documents\GitHub\testApp\test-app\dist\out-tsc\src\app\app.component.spec.js.map
C:\Users\dgree\Documents\GitHub\testApp\test-app\dist\out-tsc\e2e\app.po.js
C:\Users\dgree\Documents\GitHub\testApp\test-app\dist\out-tsc\e2e\app.po.js.map
C:\Users\dgree\Documents\GitHub\testApp\test-app\dist\out-tsc\e2e\app.e2e-spec.js
C:\Users\dgree\Documents\GitHub\testApp\test-app\dist\out-tsc\e2e\app.e2e-spec.js.map
C:\Users\dgree\Documents\GitHub\testApp\test-app\dist\out-tsc\src\app\in-memory-data.service.js
C:\Users\dgree\Documents\GitHub\testApp\test-app\dist\out-tsc\src\app\in-memory-data.service.js.map
C:\Users\dgree\Documents\GitHub\testApp\test-app\dist\out-tsc\src\app\app.component.js
C:\Users\dgree\Documents\GitHub\testApp\test-app\dist\out-tsc\src\app\app.component.js.map
C:\Users\dgree\Documents\GitHub\testApp\test-app\dist\out-tsc\src\app\Hero.js
C:\Users\dgree\Documents\GitHub\testApp\test-app\dist\out-tsc\src\app\Hero.js.map
C:\Users\dgree\Documents\GitHub\testApp\test-app\dist\out-tsc\src\app\message.service.js
C:\Users\dgree\Documents\GitHub\testApp\test-app\dist\out-tsc\src\app\message.service.js.map
C:\Users\dgree\Documents\GitHub\testApp\test-app\dist\out-tsc\src\app\hero.service.js
C:\Users\dgree\Documents\GitHub\testApp\test-app\dist\out-tsc\src\app\hero.service.js.map
C:\Users\dgree\Documents\GitHub\testApp\test-app\dist\out-tsc\src\app\heroes\heroes.component.js
C:\Users\dgree\Documents\GitHub\testApp\test-app\dist\out-tsc\src\app\heroes\heroes.component.js.map
C:\Users\dgree\Documents\GitHub\testApp\test-app\dist\out-tsc\src\app\hero-detail\hero-detail.component.js
C:\Users\dgree\Documents\GitHub\testApp\test-app\dist\out-tsc\src\app\hero-detail\hero-detail.component.js.map
C:\Users\dgree\Documents\GitHub\testApp\test-app\dist\out-tsc\src\app\messages\messages.component.js
C:\Users\dgree\Documents\GitHub\testApp\test-app\dist\out-tsc\src\app\messages\messages.component.js.map
C:\Users\dgree\Documents\GitHub\testApp\test-app\dist\out-tsc\src\app\dashboard\dashboard.component.js
C:\Users\dgree\Documents\GitHub\testApp\test-app\dist\out-tsc\src\app\dashboard\dashboard.component.js.map
C:\Users\dgree\Documents\GitHub\testApp\test-app\dist\out-tsc\src\app\favorite-heros\favorite-heros.component.js
C:\Users\dgree\Documents\GitHub\testApp\test-app\dist\out-tsc\src\app\favorite-heros\favorite-heros.component.js.map
C:\Users\dgree\Documents\GitHub\testApp\test-app\dist\out-tsc\src\app\app-routing.module.js
C:\Users\dgree\Documents\GitHub\testApp\test-app\dist\out-tsc\src\app\app-routing.module.js.map
C:\Users\dgree\Documents\GitHub\testApp\test-app\dist\out-tsc\src\app\hero-search\hero-search.component.js
C:\Users\dgree\Documents\GitHub\testApp\test-app\dist\out-tsc\src\app\hero-search\hero-search.component.js.map
C:\Users\dgree\Documents\GitHub\testApp\test-app\dist\out-tsc\src\app\sizer-component\sizer-component.component.js
C:\Users\dgree\Documents\GitHub\testApp\test-app\dist\out-tsc\src\app\sizer-component\sizer-component.component.js.map
C:\Users\dgree\Documents\GitHub\testApp\test-app\dist\out-tsc\src\app\app.module.js
C:\Users\dgree\Documents\GitHub\testApp\test-app\dist\out-tsc\src\app\app.module.js.map
C:\Users\dgree\Documents\GitHub\testApp\test-app\dist\out-tsc\src\environments\environment.js
C:\Users\dgree\Documents\GitHub\testApp\test-app\dist\out-tsc\src\environments\environment.js.map
C:\Users\dgree\Documents\GitHub\testApp\test-app\dist\out-tsc\src\main.js
C:\Users\dgree\Documents\GitHub\testApp\test-app\dist\out-tsc\src\main.js.map
C:\Users\dgree\Documents\GitHub\testApp\test-app\dist\out-tsc\src\polyfills.js
C:\Users\dgree\Documents\GitHub\testApp\test-app\dist\out-tsc\src\polyfills.js.map
C:\Users\dgree\Documents\GitHub\testApp\test-app\dist\out-tsc\src\test.js
C:\Users\dgree\Documents\GitHub\testApp\test-app\dist\out-tsc\src\test.js.map
C:\Users\dgree\Documents\GitHub\testApp\test-app\dist\out-tsc\src\environments\environment.prod.js
C:\Users\dgree\Documents\GitHub\testApp\test-app\dist\out-tsc\src\environments\environment.prod.js.map
C:\Users\dgree\Documents\GitHub\testApp\test-app\dist\out-tsc\src\app\app.component.spec.js
C:\Users\dgree\Documents\GitHub\testApp\test-app\dist\out-tsc\src\app\app.component.spec.js.map
C:\Users\dgree\Documents\GitHub\testApp\test-app\dist\out-tsc\src\app\hero.service.spec.js
C:\Users\dgree\Documents\GitHub\testApp\test-app\dist\out-tsc\src\app\hero.service.spec.js.map
C:\Users\dgree\Documents\GitHub\testApp\test-app\dist\out-tsc\src\app\in-memory-data.service.spec.js
C:\Users\dgree\Documents\GitHub\testApp\test-app\dist\out-tsc\src\app\in-memory-data.service.spec.js.map
C:\Users\dgree\Documents\GitHub\testApp\test-app\dist\out-tsc\src\app\message.service.spec.js
C:\Users\dgree\Documents\GitHub\testApp\test-app\dist\out-tsc\src\app\message.service.spec.js.map
C:\Users\dgree\Documents\GitHub\testApp\test-app\dist\out-tsc\src\app\mock-heroes.js
C:\Users\dgree\Documents\GitHub\testApp\test-app\dist\out-tsc\src\app\mock-heroes.js.map
C:\Users\dgree\Documents\GitHub\testApp\test-app\dist\out-tsc\src\app\sizer-component\sizer-component.component.spec.js
C:\Users\dgree\Documents\GitHub\testApp\test-app\dist\out-tsc\src\app\sizer-component\sizer-component.component.spec.js.map
C:\Users\dgree\Documents\GitHub\testApp\test-app\dist\out-tsc\src\app\messages\messages.component.spec.js
C:\Users\dgree\Documents\GitHub\testApp\test-app\dist\out-tsc\src\app\messages\messages.component.spec.js.map
C:\Users\dgree\Documents\GitHub\testApp\test-app\dist\out-tsc\src\app\heroes\heroes.component.spec.js
C:\Users\dgree\Documents\GitHub\testApp\test-app\dist\out-tsc\src\app\heroes\heroes.component.spec.js.map
C:\Users\dgree\Documents\GitHub\testApp\test-app\dist\out-tsc\src\app\hero-search\hero-search.component.spec.js
C:\Users\dgree\Documents\GitHub\testApp\test-app\dist\out-tsc\src\app\hero-search\hero-search.component.spec.js.map
C:\Users\dgree\Documents\GitHub\testApp\test-app\dist\out-tsc\src\app\hero-detail\hero-detail.component.spec.js
C:\Users\dgree\Documents\GitHub\testApp\test-app\dist\out-tsc\src\app\hero-detail\hero-detail.component.spec.js.map
C:\Users\dgree\Documents\GitHub\testApp\test-app\dist\out-tsc\src\app\favorite-heros\favorite-heros.component.spec.js
C:\Users\dgree\Documents\GitHub\testApp\test-app\dist\out-tsc\src\app\favorite-heros\favorite-heros.component.spec.js.map
C:\Users\dgree\Documents\GitHub\testApp\test-app\dist\out-tsc\src\app\dashboard\dashboard.component.spec.js
C:\Users\dgree\Documents\GitHub\testApp\test-app\dist\out-tsc\src\app\dashboard\dashboard.component.spec.js.map
C:\Users\dgree\Documents\GitHub\testApp\test-app\dist\out-tsc\e2e\app.po.js
C:\Users\dgree\Documents\GitHub\testApp\test-app\dist\out-tsc\e2e\app.po.js.map
C:\Users\dgree\Documents\GitHub\testApp\test-app\dist\out-tsc\e2e\app.e2e-spec.js
C:\Users\dgree\Documents\GitHub\testApp\test-app\dist\out-tsc\e2e\app.e2e-spec.js.map
